[debug] [2024-07-29T07:30:11.379Z] ----------------------------------------------------------------------
[debug] [2024-07-29T07:30:11.385Z] Command:       C:\Program Files\nodejs\node.exe C:\Users\nb\AppData\Roaming\npm\node_modules\firebase-tools\lib\bin\firebase.js init
[debug] [2024-07-29T07:30:11.385Z] CLI Version:   13.14.2
[debug] [2024-07-29T07:30:11.386Z] Platform:      win32
[debug] [2024-07-29T07:30:11.386Z] Node Version:  v20.16.0
[debug] [2024-07-29T07:30:11.386Z] Time:          Mon Jul 29 2024 10:30:11 GMT+0300 (Eastern European Summer Time)
[debug] [2024-07-29T07:30:11.386Z] ----------------------------------------------------------------------
[debug] 
[debug] [2024-07-29T07:30:11.396Z] > command requires scopes: ["email","openid","https://www.googleapis.com/auth/cloudplatformprojects.readonly","https://www.googleapis.com/auth/firebase","https://www.googleapis.com/auth/cloud-platform"]
[debug] [2024-07-29T07:30:11.396Z] > authorizing via signed-in user (201827180@std.sci.cu.edu.eg)
[info] 
     ######## #### ########  ######## ########     ###     ######  ########
     ##        ##  ##     ## ##       ##     ##  ##   ##  ##       ##
     ######    ##  ########  ######   ########  #########  ######  ######
     ##        ##  ##    ##  ##       ##     ## ##     ##       ## ##
     ##       #### ##     ## ######## ########  ##     ##  ######  ########

You're about to initialize a Firebase project in this directory:

  G:\react projects\my-app

[info] 
=== Project Setup
[info] 
[info] First, let's associate this project directory with a Firebase project.
[info] You can create multiple project aliases by running firebase use --add, 
[info] but for now we'll just set up a default project.
[info] 
[debug] [2024-07-29T07:30:42.668Z] >>> [apiv2][query] GET https://firebase.googleapis.com/v1beta1/projects pageSize=100
[debug] [2024-07-29T07:30:43.449Z] <<< [apiv2][status] GET https://firebase.googleapis.com/v1beta1/projects 200
[debug] [2024-07-29T07:30:43.449Z] <<< [apiv2][body] GET https://firebase.googleapis.com/v1beta1/projects [omitted]
[debug] [2024-07-29T07:31:03.751Z] ----------------------------------------------------------------------
[debug] [2024-07-29T07:31:03.755Z] Command:       C:\Program Files\nodejs\node.exe C:\Users\nb\AppData\Roaming\npm\node_modules\firebase-tools\lib\bin\firebase.js init
[debug] [2024-07-29T07:31:03.756Z] CLI Version:   13.14.2
[debug] [2024-07-29T07:31:03.756Z] Platform:      win32
[debug] [2024-07-29T07:31:03.756Z] Node Version:  v20.16.0
[debug] [2024-07-29T07:31:03.756Z] Time:          Mon Jul 29 2024 10:31:03 GMT+0300 (Eastern European Summer Time)
[debug] [2024-07-29T07:31:03.757Z] ----------------------------------------------------------------------
[debug] 
[debug] [2024-07-29T07:31:03.766Z] > command requires scopes: ["email","openid","https://www.googleapis.com/auth/cloudplatformprojects.readonly","https://www.googleapis.com/auth/firebase","https://www.googleapis.com/auth/cloud-platform"]
[debug] [2024-07-29T07:31:03.767Z] > authorizing via signed-in user (201827180@std.sci.cu.edu.eg)
[info] 
     ######## #### ########  ######## ########     ###     ######  ########
     ##        ##  ##     ## ##       ##     ##  ##   ##  ##       ##
     ######    ##  ########  ######   ########  #########  ######  ######
     ##        ##  ##    ##  ##       ##     ## ##     ##       ## ##
     ##       #### ##     ## ######## ########  ##     ##  ######  ########

You're about to initialize a Firebase project in this directory:

  G:\react projects\my-app

[info] 
=== Project Setup
[info] 
[info] First, let's associate this project directory with a Firebase project.
[info] You can create multiple project aliases by running firebase use --add, 
[info] but for now we'll just set up a default project.
[info] 
[info] i  If you want to create a project in a Google Cloud organization or folder, please use "firebase projects:create" instead, and return to this command when you've created the project. 
[debug] [2024-07-29T07:31:36.643Z] >>> [apiv2][query] POST https://cloudresourcemanager.googleapis.com/v1/projects [none]
[debug] [2024-07-29T07:31:36.643Z] >>> [apiv2][body] POST https://cloudresourcemanager.googleapis.com/v1/projects {"projectId":"viva","name":"viva land"}
[debug] [2024-07-29T07:31:37.183Z] <<< [apiv2][status] POST https://cloudresourcemanager.googleapis.com/v1/projects 400
[debug] [2024-07-29T07:31:37.184Z] <<< [apiv2][body] POST https://cloudresourcemanager.googleapis.com/v1/projects {"error":{"code":400,"message":"field [project_id] has issue [project_id must be at least 6 characters long]","status":"INVALID_ARGUMENT","details":[{"@type":"type.googleapis.com/google.rpc.BadRequest","fieldViolations":[{"field":"project_id","description":"project_id must be at least 6 characters long"}]},{"@type":"type.googleapis.com/google.rpc.Help","links":[{"url":"https://cloud.google.com/resource-manager/reference/rest/v1/projects"}]}]}}
[debug] [2024-07-29T07:31:37.447Z] FirebaseError: HTTP Error: 400, field [project_id] has issue [project_id must be at least 6 characters long]
    at responseToError (C:\Users\nb\AppData\Roaming\npm\node_modules\firebase-tools\lib\responseToError.js:49:12)
    at RetryOperation._fn (C:\Users\nb\AppData\Roaming\npm\node_modules\firebase-tools\lib\apiv2.js:305:77)
    at process.processTicksAndRejections (node:internal/process/task_queues:95:5)
[error] 
[error] Error: Failed to create project. See firebase-debug.log for more info.
